<?xml version="1.0" encoding="UTF-8"?>
<!-- Generated by org.testng.reporters.JUnitXMLReporter -->
<testsuite hostname="CIPL-6PC249" ignored="2" name="Test" tests="2" failures="1" timestamp="17 May 2018 11:03:58 GMT" time="0.555" errors="0">
  <testcase name="openBrowserTest" time="0.52" classname="tests.HRinnovaTest"/>
  <testcase name="newTimesheetEntry" time="0.006" classname="tests.NewTimeSheetEntryTest">
    <failure type="java.lang.NullPointerException">
      <![CDATA[java.lang.NullPointerException
	at pageObjects.NewTimesheetEntryPage.fillTimesheetEntry(NewTimesheetEntryPage.java:102)
	at tests.NewTimeSheetEntryTest.newTimesheetEntry(NewTimeSheetEntryTest.java:16)
... Removed 25 stack frames]]>
    </failure>
  </testcase> <!-- newTimesheetEntry -->
  <testcase name="@AfterSuite closeApplication" time="0.0" classname="testBase.P.TestBase">
    <ignored/>
  </testcase> <!-- @AfterSuite closeApplication -->
  <testcase name="@BeforeSuite setupApplication" time="0.0" classname="testBase.P.TestBase">
    <ignored/>
  </testcase> <!-- @BeforeSuite setupApplication -->
</testsuite> <!-- Test -->
